<?xml version="1.0" encoding="UTF-8"?>
<testsuite xmlns:xsi="http://www.w3.org/2001/XMLSchema-instance" xsi:schemaLocation="https://maven.apache.org/surefire/maven-surefire-plugin/xsd/surefire-test-report.xsd" name="com.sg.flooringmastery.service.ServiceLayerFileImplTest" time="0.265" tests="15" errors="0" skipped="0" failures="0">
  <properties>
[...]
</properties>
  <testcase name="testInvalidStateException" classname="com.sg.flooringmastery.service.ServiceLayerFileImplTest" time="0.031"/>
  <testcase name="testInvalidNameException" classname="com.sg.flooringmastery.service.ServiceLayerFileImplTest" time="0.02"/>
  <testcase name="testEditOrder" classname="com.sg.flooringmastery.service.ServiceLayerFileImplTest" time="0.017"/>
  <testcase name="testRemoveOrder" classname="com.sg.flooringmastery.service.ServiceLayerFileImplTest" time="0.024"/>
  <testcase name="testAddOrder" classname="com.sg.flooringmastery.service.ServiceLayerFileImplTest" time="0.021"/>
  <testcase name="testExportData" classname="com.sg.flooringmastery.service.ServiceLayerFileImplTest" time="0.012"/>
  <testcase name="testNoSuchOrderException" classname="com.sg.flooringmastery.service.ServiceLayerFileImplTest" time="0.014"/>
  <testcase name="testCalculateTotalCost" classname="com.sg.flooringmastery.service.ServiceLayerFileImplTest" time="0.013"/>
  <testcase name="testGetAllOrders" classname="com.sg.flooringmastery.service.ServiceLayerFileImplTest" time="0.012"/>
  <testcase name="testGetAllStateTaxInfo" classname="com.sg.flooringmastery.service.ServiceLayerFileImplTest" time="0.015"/>
  <testcase name="testGetOrderByDateAndNumber" classname="com.sg.flooringmastery.service.ServiceLayerFileImplTest" time="0.012"/>
  <testcase name="testGetAllProducts" classname="com.sg.flooringmastery.service.ServiceLayerFileImplTest" time="0.015"/>
  <testcase name="testInvalidDateException" classname="com.sg.flooringmastery.service.ServiceLayerFileImplTest" time="0.021"/>
  <testcase name="testGetOrdersByDate" classname="com.sg.flooringmastery.service.ServiceLayerFileImplTest" time="0.015"/>
  <testcase name="testInvalidDataEntry" classname="com.sg.flooringmastery.service.ServiceLayerFileImplTest" time="0.014"/>
</testsuite>